
          -------------------------------------------------------
          Amber 24 SANDER                              2024
          -------------------------------------------------------

| Run on 03/17/2026 at 18:26:08

|   Executable path: sander
| Working directory: /content/drive/MyDrive/Colab Notebooks/Repertorio/Simulacion_Molecular
|          Hostname: fc8250d5a15f

  [-O]verwriting output

File Assignments:
|  MDIN: 01_Min.in                                                             
| MDOUT: 01_Min.out                                                            
|INPCRD: sis.rst7                                                              
|  PARM: sis.parm7                                                             
|RESTRT: 01_Min.rst7                                                           
|  REFC: refc                                                                  
| MDVEL: mdvel                                                                 
| MDFRC: mdfrc                                                                 
|  MDEN: mden                                                                  
| MDCRD: mdcrd                                                                 
|MDINFO: mdinfo                                                                
|  MTMD: mtmd                                                                  
|INPDIP: inpdip                                                                
|RSTDIP: rstdip                                                                
|INPTRA: inptraj                                                               


 Here is the input file:

Minimize                                                                       
 &cntrl                                                                        
  imin=1, ! Activa la minización                                              
  ntx=1, ! Lee las coordenadas sin velocidades                                 
  irest=0, ! No estamos reiniciando                                            
  maxcyc=5000, ! No de ciclos de steepest descent + gradiente conjugado        
  ncyc=2500, ! No de ciclos de steepest descent                                
  ntpr=100, ! Cada cuanto se imprime en el archivo de salida                   
  ntwx=0, ! No escribe velocidades                                             
  cut=8.0, ! Radio de corte de interacciones de corto alcance                  
 /                                                                             

--------------------------------------------------------------------------------
   1.  RESOURCE   USE: 
--------------------------------------------------------------------------------

| Flags:                                                                        
 getting new box info from bottom of inpcrd
|  INFO: Old style inpcrd file read

| peek_ewald_inpcrd: Box info found
|Largest sphere to fit in unit cell has radius =    23.521
| New format PARM file being parsed.
| Version =    1.000 Date = 03/17/26 Time = 18:26:07
 NATOM  =    6201 NTYPES =       4 NBONH =    5151 MBONA  =    1050
 NTHETH =    5250 MTHETA =    1050 NPHIH =    8400 MPHIA  =    3150
 NHPARM =       0 NPARM  =       0 NNB   =   22618 NRES   =    1192
 NBONA  =    1050 NTHETA =    1050 NPHIA =    3150 NUMBND =       4
 NUMANG =       3 NPTRA  =       5 NATYP =       4 NPHB   =       0
 IFBOX  =       1 NMXRS  =      18 IFCAP =       0 NEXTRA =       0
 NCOPY  =       0


|     Memory Use     Allocated
|     Real             1270615
|     Hollerith          19797
|     Integer           743677
|     Max Pairs        2067000
|     nblistReal         74412
|     nblist Int        496980
|       Total            23505 kbytes

| Note: 1-4 EEL scale factors are being read from the topology file.

| Note: 1-4 VDW scale factors are being read from the topology file.
| Duplicated    0 dihedrals
| Duplicated    0 dihedrals

     BOX TYPE: RECTILINEAR

--------------------------------------------------------------------------------
   2.  CONTROL  DATA  FOR  THE  RUN
--------------------------------------------------------------------------------

HEX                                                                             

General flags:
     imin    =       1, nmropt  =       0

Nature and format of input:
     ntx     =       1, irest   =       0, ntrx    =       1

Nature and format of output:
     ntxo    =       2, ntpr    =     100, ntrx    =       1, ntwr    =       1
     iwrap   =       0, ntwx    =       0, ntwv    =       0, ntwe    =       0
     ioutfm  =       1, ntwprt  =       0, idecomp =       0, rbornstat=      0

Potential function:
     ntf     =       1, ntb     =       1, igb     =       0, nsnb    =      25
     ipol    =       0, gbsa    =       0, iesp    =       0
     dielc   =   1.00000, cut     =   8.00000, intdiel =   1.00000

Frozen or restrained atoms:
     ibelly  =       0, ntr     =       0

Energy minimization:
     maxcyc  =    5000, ncyc    =    2500, ntmin   =       1
     dx0     =   0.01000, drms    =   0.00010

Ewald parameters:
     verbose =       0, ew_type =       0, nbflag  =       1, use_pme =       1
     vdwmeth =       1, eedmeth =       1, netfrc  =       0
     Box X =   47.042   Box Y =   50.720   Box Z =   50.227
     Alpha =   90.000   Beta  =   90.000   Gamma =   90.000
     NFFT1 =   48       NFFT2 =   50       NFFT3 =   50
     Cutoff=    8.000   Tol   =0.100E-04
     Ewald Coefficient =  0.34864
     Interpolation order =    4

--------------------------------------------------------------------------------
   3.  ATOMIC COORDINATES AND VELOCITIES
--------------------------------------------------------------------------------

HEX                                                                             
 begin time read from input coords =     0.000 ps

 Number of triangulated 3-point waters found:     1017

     Sum of charges from parm topology file =   0.00000000
     Forcing neutrality...

--------------------------------------------------------------------------------
   4.  RESULTS
--------------------------------------------------------------------------------

 ---------------------------------------------------
 APPROXIMATING switch and d/dx switch using CUBIC SPLINE INTERPOLATION
 using   5000.0 points per unit in tabled values
 TESTING RELATIVE ERROR over r ranging from 0.0 to cutoff
| CHECK switch(x): max rel err =   0.2738E-14   at   2.422500
| CHECK d/dx switch(x): max rel err =   0.8332E-11   at   2.782960
 ---------------------------------------------------
| Local SIZE OF NONBOND LIST =     664382
| TOTAL SIZE OF NONBOND LIST =     664382


   NSTEP       ENERGY          RMS            GMAX         NAME    NUMBER
      1      -4.1330E+03     6.7207E+00     4.2453E+01     O        3340

 BOND    =       44.4629  ANGLE   =       10.3304  DIHED      =      498.2249
 VDWAALS =     -198.4192  EEL     =    -4838.2713  HBOND      =        0.0000
 1-4 VDW =      499.4276  1-4 EEL =     -148.7713  RESTRAINT  =        0.0000


   NSTEP       ENERGY          RMS            GMAX         NAME    NUMBER
    100      -6.3209E+03     3.1336E+00     2.5876E+01     H1       5099

 BOND    =      468.0279  ANGLE   =       15.7930  DIHED      =      492.6969
 VDWAALS =       52.4886  EEL     =    -7581.7109  HBOND      =        0.0000
 1-4 VDW =      378.1508  1-4 EEL =     -146.3235  RESTRAINT  =        0.0000


   NSTEP       ENERGY          RMS            GMAX         NAME    NUMBER
    200      -6.8852E+03     5.5432E-01     4.7303E+00     O        3499

 BOND    =      434.8767  ANGLE   =       15.9755  DIHED      =      493.7147
 VDWAALS =      261.9231  EEL     =    -8322.5085  HBOND      =        0.0000
 1-4 VDW =      376.8200  1-4 EEL =     -146.0009  RESTRAINT  =        0.0000


   NSTEP       ENERGY          RMS            GMAX         NAME    NUMBER
    300      -7.2222E+03     8.5882E-01     8.5250E+00     H1       5099

 BOND    =      452.5994  ANGLE   =       16.0089  DIHED      =      493.9314
 VDWAALS =      407.7350  EEL     =    -8823.0844  HBOND      =        0.0000
 1-4 VDW =      376.5532  1-4 EEL =     -145.9339  RESTRAINT  =        0.0000


   NSTEP       ENERGY          RMS            GMAX         NAME    NUMBER
    400      -7.4736E+03     4.0925E-01     4.0763E+00     H1       3413

 BOND    =      501.6012  ANGLE   =       16.0101  DIHED      =      493.9681
 VDWAALS =      511.2086  EEL     =    -9226.9497  HBOND      =        0.0000
 1-4 VDW =      376.5160  1-4 EEL =     -145.9230  RESTRAINT  =        0.0000


   NSTEP       ENERGY          RMS            GMAX         NAME    NUMBER
    500      -7.6827E+03     3.7942E-01     3.6941E+00     H1       5471

 BOND    =      519.9821  ANGLE   =       16.0067  DIHED      =      493.9672
 VDWAALS =      593.3780  EEL     =    -9536.6752  HBOND      =        0.0000
 1-4 VDW =      376.5246  1-4 EEL =     -145.9237  RESTRAINT  =        0.0000


   NSTEP       ENERGY          RMS            GMAX         NAME    NUMBER
    600      -7.8638E+03     1.4471E+00     1.8968E+01     H1       5099

 BOND    =      515.5212  ANGLE   =       16.0040  DIHED      =      493.9588
 VDWAALS =      663.8042  EEL     =    -9783.7079  HBOND      =        0.0000
 1-4 VDW =      376.5402  1-4 EEL =     -145.9267  RESTRAINT  =        0.0000


   NSTEP       ENERGY          RMS            GMAX         NAME    NUMBER
    700      -8.0291E+03     1.2398E+00     1.6132E+01     H1       5099

 BOND    =      596.7533  ANGLE   =       16.0025  DIHED      =      493.9511
 VDWAALS =      725.5476  EEL     =   -10091.9663  HBOND      =        0.0000
 1-4 VDW =      376.5526  1-4 EEL =     -145.9292  RESTRAINT  =        0.0000


   NSTEP       ENERGY          RMS            GMAX         NAME    NUMBER
    800      -8.1819E+03     1.0622E+00     1.3673E+01     H1       4232

 BOND    =      560.8435  ANGLE   =       16.0018  DIHED      =      493.9457
 VDWAALS =      785.4743  EEL     =   -10268.8434  HBOND      =        0.0000
 1-4 VDW =      376.5616  1-4 EEL =     -145.9310  RESTRAINT  =        0.0000


   NSTEP       ENERGY          RMS            GMAX         NAME    NUMBER
    900      -8.3177E+03     8.9235E-01     1.2206E+01     H2       4248

 BOND    =      621.6898  ANGLE   =       16.0011  DIHED      =      493.9422
 VDWAALS =      850.5901  EEL     =   -10530.6054  HBOND      =        0.0000
 1-4 VDW =      376.5680  1-4 EEL =     -145.9322  RESTRAINT  =        0.0000


   NSTEP       ENERGY          RMS            GMAX         NAME    NUMBER
   1000      -8.4297E+03     8.1999E-01     1.1325E+01     H2       4248

 BOND    =      599.2957  ANGLE   =       16.0000  DIHED      =      493.9402
 VDWAALS =      913.1353  EEL     =   -10682.7128  HBOND      =        0.0000
 1-4 VDW =      376.5736  1-4 EEL =     -145.9329  RESTRAINT  =        0.0000


   NSTEP       ENERGY          RMS            GMAX         NAME    NUMBER
   1100      -8.5201E+03     6.6460E-01     9.5260E+00     H2       4248

 BOND    =      644.3065  ANGLE   =       15.9986  DIHED      =      493.9389
 VDWAALS =      965.3496  EEL     =   -10870.2984  HBOND      =        0.0000
 1-4 VDW =      376.5790  1-4 EEL =     -145.9336  RESTRAINT  =        0.0000


   NSTEP       ENERGY          RMS            GMAX         NAME    NUMBER
   1200      -8.5948E+03     5.6946E-01     8.3887E+00     H2       4248

 BOND    =      628.6448  ANGLE   =       15.9969  DIHED      =      493.9379
 VDWAALS =     1007.9910  EEL     =   -10972.0295  HBOND      =        0.0000
 1-4 VDW =      376.5849  1-4 EEL =     -145.9343  RESTRAINT  =        0.0000


   NSTEP       ENERGY          RMS            GMAX         NAME    NUMBER
   1300      -8.6595E+03     2.7521E-01     3.1236E+00     H2       4248

 BOND    =      653.1464  ANGLE   =       15.9950  DIHED      =      493.9377
 VDWAALS =     1041.5722  EEL     =   -11094.8295  HBOND      =        0.0000
 1-4 VDW =      376.5912  1-4 EEL =     -145.9349  RESTRAINT  =        0.0000


   NSTEP       ENERGY          RMS            GMAX         NAME    NUMBER
   1400      -8.7183E+03     3.7928E-01     5.4962E+00     H1       4247

 BOND    =      649.8442  ANGLE   =       15.9931  DIHED      =      493.9381
 VDWAALS =     1066.8671  EEL     =   -11175.5715  HBOND      =        0.0000
 1-4 VDW =      376.5976  1-4 EEL =     -145.9354  RESTRAINT  =        0.0000


   NSTEP       ENERGY          RMS            GMAX         NAME    NUMBER
   1500      -8.7724E+03     1.9566E-01     1.6871E+00     H2       4710

 BOND    =      664.5125  ANGLE   =       15.9914  DIHED      =      493.9390
 VDWAALS =     1088.3948  EEL     =   -11265.9540  HBOND      =        0.0000
 1-4 VDW =      376.6037  1-4 EEL =     -145.9358  RESTRAINT  =        0.0000


   NSTEP       ENERGY          RMS            GMAX         NAME    NUMBER
   1600      -8.8234E+03     7.4526E-01     1.4137E+01     H2       3216

 BOND    =      686.1441  ANGLE   =       15.9902  DIHED      =      493.9406
 VDWAALS =     1108.0112  EEL     =   -11358.1786  HBOND      =        0.0000
 1-4 VDW =      376.6092  1-4 EEL =     -145.9360  RESTRAINT  =        0.0000


   NSTEP       ENERGY          RMS            GMAX         NAME    NUMBER
   1700      -8.8737E+03     1.9457E-01     2.0346E+00     H1       4739

 BOND    =      677.4045  ANGLE   =       15.9895  DIHED      =      493.9427
 VDWAALS =     1126.7822  EEL     =   -11418.5148  HBOND      =        0.0000
 1-4 VDW =      376.6135  1-4 EEL =     -145.9360  RESTRAINT  =        0.0000


   NSTEP       ENERGY          RMS            GMAX         NAME    NUMBER
   1800      -8.9193E+03     5.4661E-01     1.1533E+01     H2       3216

 BOND    =      692.7913  ANGLE   =       15.9892  DIHED      =      493.9453
 VDWAALS =     1145.8464  EEL     =   -11498.5847  HBOND      =        0.0000
 1-4 VDW =      376.6175  1-4 EEL =     -145.9359  RESTRAINT  =        0.0000


   NSTEP       ENERGY          RMS            GMAX         NAME    NUMBER
   1900      -8.9628E+03     4.6008E-01     1.0319E+01     H2       3216

 BOND    =      679.9685  ANGLE   =       15.9893  DIHED      =      493.9478
 VDWAALS =     1163.3613  EEL     =   -11546.7214  HBOND      =        0.0000
 1-4 VDW =      376.6209  1-4 EEL =     -145.9358  RESTRAINT  =        0.0000


   NSTEP       ENERGY          RMS            GMAX         NAME    NUMBER
   2000      -9.0041E+03     2.2931E-01     3.8586E+00     H2       3168

 BOND    =      695.8917  ANGLE   =       15.9896  DIHED      =      493.9501
 VDWAALS =     1179.5866  EEL     =   -11620.1806  HBOND      =        0.0000
 1-4 VDW =      376.6241  1-4 EEL =     -145.9358  RESTRAINT  =        0.0000


   NSTEP       ENERGY          RMS            GMAX         NAME    NUMBER
   2100      -9.0431E+03     3.2513E-01     7.6235E+00     H2       3216

 BOND    =      693.1740  ANGLE   =       15.9900  DIHED      =      493.9520
 VDWAALS =     1195.4349  EEL     =   -11672.3395  HBOND      =        0.0000
 1-4 VDW =      376.6271  1-4 EEL =     -145.9359  RESTRAINT  =        0.0000


   NSTEP       ENERGY          RMS            GMAX         NAME    NUMBER
   2200      -9.0794E+03     1.6111E-01     2.0995E+00     H1       3839

 BOND    =      703.3952  ANGLE   =       15.9901  DIHED      =      493.9533
 VDWAALS =     1209.3913  EEL     =   -11732.8415  HBOND      =        0.0000
 1-4 VDW =      376.6302  1-4 EEL =     -145.9361  RESTRAINT  =        0.0000


   NSTEP       ENERGY          RMS            GMAX         NAME    NUMBER
   2300      -9.1140E+03     6.1398E-01     1.6748E+01     H2       3216

 BOND    =      717.9825  ANGLE   =       15.9900  DIHED      =      493.9541
 VDWAALS =     1221.5210  EEL     =   -11794.1590  HBOND      =        0.0000
 1-4 VDW =      376.6332  1-4 EEL =     -145.9364  RESTRAINT  =        0.0000


   NSTEP       ENERGY          RMS            GMAX         NAME    NUMBER
   2400      -9.1482E+03     5.2370E-01     1.4915E+01     H2       3216

 BOND    =      703.2904  ANGLE   =       15.9897  DIHED      =      493.9542
 VDWAALS =     1231.6179  EEL     =   -11823.7573  HBOND      =        0.0000
 1-4 VDW =      376.6358  1-4 EEL =     -145.9367  RESTRAINT  =        0.0000


   NSTEP       ENERGY          RMS            GMAX         NAME    NUMBER
   2500      -9.1820E+03     4.8087E-01     1.3564E+01     H2       3216

 BOND    =      722.5416  ANGLE   =       15.9893  DIHED      =      493.9540
 VDWAALS =     1240.6971  EEL     =   -11885.9139  HBOND      =        0.0000
 1-4 VDW =      376.6382  1-4 EEL =     -145.9371  RESTRAINT  =        0.0000


   NSTEP       ENERGY          RMS            GMAX         NAME    NUMBER
   2600      -9.3933E+03     5.2786E-01     1.3466E+01     O        5563

 BOND    =      745.1408  ANGLE   =       16.7179  DIHED      =      493.9225
 VDWAALS =     1333.8184  EEL     =   -12213.7252  HBOND      =        0.0000
 1-4 VDW =      376.7867  1-4 EEL =     -145.9367  RESTRAINT  =        0.0000


   NSTEP       ENERGY          RMS            GMAX         NAME    NUMBER
   2700      -9.4875E+03     5.3702E-01     1.3252E+01     O        5590

 BOND    =      755.6594  ANGLE   =       17.3927  DIHED      =      493.9088
 VDWAALS =     1349.1533  EEL     =   -12335.5570  HBOND      =        0.0000
 1-4 VDW =      377.8742  1-4 EEL =     -145.9114  RESTRAINT  =        0.0000


   NSTEP       ENERGY          RMS            GMAX         NAME    NUMBER
   2800      -9.6266E+03     5.7599E-01     1.1748E+01     H1       5579

 BOND    =      770.7230  ANGLE   =       16.6511  DIHED      =      494.0666
 VDWAALS =     1379.6628  EEL     =   -12518.5263  HBOND      =        0.0000
 1-4 VDW =      376.8006  1-4 EEL =     -145.9445  RESTRAINT  =        0.0000


   NSTEP       ENERGY          RMS            GMAX         NAME    NUMBER
   2900      -9.7011E+03     4.1552E-01     8.6480E+00     H1       5579

 BOND    =      783.2775  ANGLE   =       16.6366  DIHED      =      494.3114
 VDWAALS =     1400.7490  EEL     =   -12627.0908  HBOND      =        0.0000
 1-4 VDW =      376.9735  1-4 EEL =     -145.9498  RESTRAINT  =        0.0000


   NSTEP       ENERGY          RMS            GMAX         NAME    NUMBER
   3000      -9.7879E+03     3.7726E-01     8.5319E+00     O        5578

 BOND    =      785.4354  ANGLE   =       16.5030  DIHED      =      494.0520
 VDWAALS =     1427.4863  EEL     =   -12742.2007  HBOND      =        0.0000
 1-4 VDW =      376.8084  1-4 EEL =     -145.9401  RESTRAINT  =        0.0000


   NSTEP       ENERGY          RMS            GMAX         NAME    NUMBER
   3100      -9.8428E+03     4.6484E-01     7.5758E+00     O        4636

 BOND    =      792.6733  ANGLE   =       16.7842  DIHED      =      494.2814
 VDWAALS =     1435.4863  EEL     =   -12813.0273  HBOND      =        0.0000
 1-4 VDW =      376.9147  1-4 EEL =     -145.9347  RESTRAINT  =        0.0000


   NSTEP       ENERGY          RMS            GMAX         NAME    NUMBER
   3200      -9.8964E+03     3.8318E-01     8.3215E+00     O        4636

 BOND    =      804.4755  ANGLE   =       17.0836  DIHED      =      494.4824
 VDWAALS =     1447.1317  EEL     =   -12890.5809  HBOND      =        0.0000
 1-4 VDW =      376.9501  1-4 EEL =     -145.9207  RESTRAINT  =        0.0000


   NSTEP       ENERGY          RMS            GMAX         NAME    NUMBER
   3300      -9.9645E+03     2.6595E-01     5.2197E+00     C5       1014

 BOND    =      810.4937  ANGLE   =       16.7169  DIHED      =      494.0392
 VDWAALS =     1463.4141  EEL     =   -12979.8324  HBOND      =        0.0000
 1-4 VDW =      376.5229  1-4 EEL =     -145.8712  RESTRAINT  =        0.0000


   NSTEP       ENERGY          RMS            GMAX         NAME    NUMBER
   3400      -1.0055E+04     2.6589E-01     7.1490E+00     H1       4712

 BOND    =      815.5685  ANGLE   =       16.9085  DIHED      =      494.3350
 VDWAALS =     1484.9367  EEL     =   -13097.4538  HBOND      =        0.0000
 1-4 VDW =      376.1826  1-4 EEL =     -145.7608  RESTRAINT  =        0.0000


   NSTEP       ENERGY          RMS            GMAX         NAME    NUMBER
   3500      -1.0093E+04     2.4564E-01     4.6675E+00     C4       2597

 BOND    =      820.5198  ANGLE   =       17.0485  DIHED      =      494.5731
 VDWAALS =     1488.8544  EEL     =   -13144.3666  HBOND      =        0.0000
 1-4 VDW =      376.0215  1-4 EEL =     -145.7027  RESTRAINT  =        0.0000


   NSTEP       ENERGY          RMS            GMAX         NAME    NUMBER
   3600      -1.0128E+04     2.3677E-01     5.5429E+00     C        1009

 BOND    =      823.2869  ANGLE   =       17.2006  DIHED      =      494.7561
 VDWAALS =     1489.7743  EEL     =   -13182.8691  HBOND      =        0.0000
 1-4 VDW =      375.7789  1-4 EEL =     -145.6405  RESTRAINT  =        0.0000


   NSTEP       ENERGY          RMS            GMAX         NAME    NUMBER
   3700      -1.0162E+04     2.0888E-01     6.5568E+00     C5       1014

 BOND    =      826.5288  ANGLE   =       17.3698  DIHED      =      495.0362
 VDWAALS =     1491.7758  EEL     =   -13222.3029  HBOND      =        0.0000
 1-4 VDW =      375.5872  1-4 EEL =     -145.5729  RESTRAINT  =        0.0000


   NSTEP       ENERGY          RMS            GMAX         NAME    NUMBER
   3800      -1.0198E+04     2.2846E-01     4.9588E+00     C        1009

 BOND    =      831.3055  ANGLE   =       17.3643  DIHED      =      495.3464
 VDWAALS =     1496.4263  EEL     =   -13268.6412  HBOND      =        0.0000
 1-4 VDW =      375.2777  1-4 EEL =     -145.4818  RESTRAINT  =        0.0000


   NSTEP       ENERGY          RMS            GMAX         NAME    NUMBER
   3900      -1.0229E+04     1.7877E-01     4.0798E+00     C        1009

 BOND    =      833.0261  ANGLE   =       17.3074  DIHED      =      495.6512
 VDWAALS =     1494.6132  EEL     =   -13298.8652  HBOND      =        0.0000
 1-4 VDW =      375.0696  1-4 EEL =     -145.4079  RESTRAINT  =        0.0000


   NSTEP       ENERGY          RMS            GMAX         NAME    NUMBER
   4000      -1.0266E+04     1.9665E-01     5.5741E+00     C4       1013

 BOND    =      834.3593  ANGLE   =       17.5235  DIHED      =      495.9788
 VDWAALS =     1493.5082  EEL     =   -13337.2943  HBOND      =        0.0000
 1-4 VDW =      374.7718  1-4 EEL =     -145.3103  RESTRAINT  =        0.0000


   NSTEP       ENERGY          RMS            GMAX         NAME    NUMBER
   4100      -1.0304E+04     3.3664E-01     1.0373E+01     H1       4196

 BOND    =      840.4769  ANGLE   =       17.9208  DIHED      =      496.2845
 VDWAALS =     1494.0904  EEL     =   -13382.2780  HBOND      =        0.0000
 1-4 VDW =      374.6263  1-4 EEL =     -145.2000  RESTRAINT  =        0.0000


   NSTEP       ENERGY          RMS            GMAX         NAME    NUMBER
   4200      -1.0336E+04     1.6235E-01     3.9045E+00     C        1009

 BOND    =      841.6206  ANGLE   =       17.6878  DIHED      =      496.7120
 VDWAALS =     1497.5758  EEL     =   -13418.2221  HBOND      =        0.0000
 1-4 VDW =      374.1320  1-4 EEL =     -145.1275  RESTRAINT  =        0.0000


   NSTEP       ENERGY          RMS            GMAX         NAME    NUMBER
   4300      -1.0356E+04     3.3426E-01     5.4565E+00     H2       4197

 BOND    =      840.2783  ANGLE   =       17.8781  DIHED      =      496.9232
 VDWAALS =     1497.6882  EEL     =   -13437.6223  HBOND      =        0.0000
 1-4 VDW =      373.8348  1-4 EEL =     -145.0646  RESTRAINT  =        0.0000


   NSTEP       ENERGY          RMS            GMAX         NAME    NUMBER
   4400      -1.0375E+04     2.4620E-01     3.7860E+00     C        1009

 BOND    =      843.7454  ANGLE   =       18.1293  DIHED      =      497.1290
 VDWAALS =     1496.3738  EEL     =   -13459.0930  HBOND      =        0.0000
 1-4 VDW =      373.6943  1-4 EEL =     -145.0072  RESTRAINT  =        0.0000


   NSTEP       ENERGY          RMS            GMAX         NAME    NUMBER
   4500      -1.0397E+04     1.5260E-01     3.9288E+00     C        1009

 BOND    =      847.3753  ANGLE   =       18.2152  DIHED      =      497.3165
 VDWAALS =     1494.3040  EEL     =   -13482.5993  HBOND      =        0.0000
 1-4 VDW =      373.6367  1-4 EEL =     -144.9466  RESTRAINT  =        0.0000


   NSTEP       ENERGY          RMS            GMAX         NAME    NUMBER
   4600      -1.0418E+04     2.2103E-01     5.2912E+00     O        4684

 BOND    =      850.2443  ANGLE   =       18.3126  DIHED      =      497.4792
 VDWAALS =     1493.6934  EEL     =   -13506.1019  HBOND      =        0.0000
 1-4 VDW =      373.4107  1-4 EEL =     -144.8925  RESTRAINT  =        0.0000


   NSTEP       ENERGY          RMS            GMAX         NAME    NUMBER
   4700      -1.0438E+04     3.1361E-01     7.9783E+00     O        4684

 BOND    =      851.3965  ANGLE   =       18.4884  DIHED      =      497.6426
 VDWAALS =     1493.4312  EEL     =   -13527.0601  HBOND      =        0.0000
 1-4 VDW =      373.2245  1-4 EEL =     -144.8435  RESTRAINT  =        0.0000


   NSTEP       ENERGY          RMS            GMAX         NAME    NUMBER
   4800      -1.0455E+04     2.0678E-01     7.6692E+00     O        4684

 BOND    =      853.2722  ANGLE   =       18.5120  DIHED      =      497.7907
 VDWAALS =     1494.5783  EEL     =   -13547.6806  HBOND      =        0.0000
 1-4 VDW =      373.1219  1-4 EEL =     -144.7970  RESTRAINT  =        0.0000


   NSTEP       ENERGY          RMS            GMAX         NAME    NUMBER
   4900      -1.0473E+04     2.5682E-01     7.9680E+00     O        4684

 BOND    =      854.4806  ANGLE   =       18.5520  DIHED      =      497.9440
 VDWAALS =     1494.1488  EEL     =   -13566.0972  HBOND      =        0.0000
 1-4 VDW =      373.0314  1-4 EEL =     -144.7546  RESTRAINT  =        0.0000


   NSTEP       ENERGY          RMS            GMAX         NAME    NUMBER
   5000      -1.0488E+04     1.6982E-01     4.1598E+00     O        4684

 BOND    =      855.1697  ANGLE   =       18.6189  DIHED      =      498.0667
 VDWAALS =     1493.5261  EEL     =   -13582.0155  HBOND      =        0.0000
 1-4 VDW =      372.9351  1-4 EEL =     -144.7165  RESTRAINT  =        0.0000


  Maximum number of minimization cycles reached.


                    FINAL RESULTS



   NSTEP       ENERGY          RMS            GMAX         NAME    NUMBER
   5000      -1.0488E+04     1.6982E-01     4.1598E+00     O        4684

 BOND    =      855.1697  ANGLE   =       18.6189  DIHED      =      498.0667
 VDWAALS =     1493.5261  EEL     =   -13582.0155  HBOND      =        0.0000
 1-4 VDW =      372.9351  1-4 EEL =     -144.7165  RESTRAINT  =        0.0000

--------------------------------------------------------------------------------
   5.  TIMINGS
--------------------------------------------------------------------------------

|    Read coords time           0.02 ( 0.01% of Total)
|                Build the list             0.83 (75.60% of List )
|                Other                      0.27 (24.40% of List )
|             List time                  1.10 ( 0.38% of Nonbo)
|                   Short_ene time           176.29 (97.93% of Direc)
|                   Other                      3.72 ( 2.07% of Direc)
|                Direct Ewald time        180.01 (61.90% of Ewald)
|                Adjust Ewald time          6.21 ( 2.13% of Ewald)
|                Self Ewald time            0.02 ( 0.01% of Ewald)
|                   Fill Bspline coeffs        4.62 ( 4.52% of Recip)
|                   Fill charge grid          15.63 (15.31% of Recip)
|                   Scalar sum                18.60 (18.22% of Recip)
|                   Grad sum                  22.37 (21.91% of Recip)
|                   FFT time                  40.85 (40.01% of Recip)
|                   Other                      0.03 ( 0.03% of Recip)
|                Recip Ewald time         102.10 (35.11% of Ewald)
|                Virial junk                0.20 ( 0.07% of Ewald)
|                Other                      2.24 ( 0.77% of Ewald)
|             Ewald time               290.78 (99.62% of Nonbo)
|          Nonbond force            291.90 (94.69% of Force)
|          Bond/Angle/Dihedral       16.12 ( 5.23% of Force)
|          Other                      0.24 ( 0.08% of Force)
|       Force time               308.25 (100.0% of Runmd)
|    Runmd Time               308.25 (75.63% of Total)
|    Other                     99.30 (24.36% of Total)
| Total time               407.57 (100.0% of ALL  )

| Number of list builds   :         17

| Highest rstack allocated:     435541
| Highest istack allocated:       6201
|           Job began  at 18:26:08.000  on 03/17/2026
|           Setup done at 18:26:08.278  on 03/17/2026
|           Run   done at 18:32:55.575  on 03/17/2026
|     wallclock() was called  190082 times

|3D-RISM memory allocation summary
|Type          Maximum        Current   
|Integer       0.00000 GB     0.00000 GB
|Real          0.00000 GB     0.00000 GB
|Logical       0.00000 GB     0.00000 GB
|Character     0.00000 GB     0.00000 GB
|---------------------------------------
|Total         0.00000 GB     0.00000 GB
