            --------------------------------------------------------
                             AMBER SQM VERSION 19
 
                                     By
              Ross C. Walker, Michael F. Crowley, Scott Brozell,
                         Tim Giese, Andreas W. Goetz,
                        Tai-Sung Lee and David A. Case
 
            --------------------------------------------------------
 

--------------------------------------------------------------------------------
  QM CALCULATION INFO
--------------------------------------------------------------------------------

| QMMM: Citation for AMBER QMMM Run:
| QMMM: R.C. Walker, M.F. Crowley and D.A. Case, J. COMP. CHEM. 29:1019, 2008

QMMM: SINGLET STATE CALCULATION
QMMM: RHF CALCULATION, NO. OF DOUBLY OCCUPIED LEVELS = 18

| QMMM: *** Selected Hamiltonian *** 
| QMMM: AM1         

| QMMM: *** Parameter sets in use ***
| QMMM: C : M.J.S.DEWAR et al. JACS, 107, 3902, (1985)
| QMMM: H : M.J.S.DEWAR et al. JACS, 107, 3902, (1985)

| QMMM: *** SCF convergence criteria ***
| QMMM: Energy change                :  0.1D-09 kcal/mol
| QMMM: Error matrix |FP-PF|         :  0.1D+00 au
| QMMM: Density matrix change        :  0.5D-06
| QMMM: Maximum number of SCF cycles :     1000

| QMMM: *** Diagonalization Routine Information ***
| QMMM: Pseudo diagonalizations are allowed.
| QMMM: Auto diagonalization routine selection is in use.
| QMMM:
| QMMM: Timing diagonalization routines:
| QMMM:                              norbs =       36
| QMMM:    diag iterations used for timing =       20
| QMMM:
| QMMM:              Internal diag routine = 0.004359 seconds
| QMMM:                 Dspev diag routine = 0.024047 seconds
| QMMM:                Dspevd diag routine = 0.018729 seconds
| QMMM:                Dspevx diag routine = 0.024039 seconds
| QMMM:                 Dsyev diag routine = 0.009784 seconds
| QMMM:                Dsyevd diag routine = 0.003255 seconds
| QMMM:                Dsyevr diag routine = 0.004603 seconds
| QMMM:
| QMMM:                Pseudo diag routine = 0.000946 seconds
| QMMM:
| QMMM: Using dsyevd routine (diag_routine=6).

  QMMM: QM Region Cartesian Coordinates (*=link atom) 
  QMMM: QM_NO.   MM_NO.  ATOM         X         Y         Z
  QMMM:     1        1      C       -0.0430   -1.4570   -0.2260
  QMMM:     2        2      C        1.2400   -0.7660    0.2260
  QMMM:     3        3      C       -1.2840   -0.6910    0.2260
  QMMM:     4        4      C        1.2840    0.6910   -0.2260
  QMMM:     5        5      C       -1.2400    0.7660   -0.2260
  QMMM:     6        6      C        0.0430    1.4570    0.2260
  QMMM:     7        7      H       -0.0460   -1.5420   -1.3190
  QMMM:     8        8      H       -0.0740   -2.4770    0.1740
  QMMM:     9        9      H        1.3130   -0.8110    1.3190
  QMMM:    10       10      H        2.1080   -1.3030   -0.1740
  QMMM:    11       11      H       -2.1820   -1.1750   -0.1740
  QMMM:    12       12      H       -1.3590   -0.7310    1.3190
  QMMM:    13       13      H        2.1820    1.1750    0.1740
  QMMM:    14       14      H        1.3590    0.7320   -1.3190
  QMMM:    15       15      H       -1.3130    0.8110   -1.3190
  QMMM:    16       16      H       -2.1080    1.3020    0.1740
  QMMM:    17       17      H        0.0460    1.5420    1.3190
  QMMM:    18       18      H        0.0740    2.4770   -0.1740

--------------------------------------------------------------------------------
  RESULTS
--------------------------------------------------------------------------------

      iter         sqm energy              rms gradient
      ----    -------------------    -----------------------
xmin    10      -38.6531 kcal/mol        0.0168 kcal/(mol*A)
  ... geometry converged !
 
 Final MO eigenvalues (eV):
 -38.8325  -31.4826  -31.4826  -23.2166  -23.2166  -19.9558  -16.4800  -15.0106
 -14.8520  -14.8520  -13.5065  -13.0179  -13.0179  -11.7858  -11.7858  -10.9922
 -10.9374  -10.9374    3.6552    3.8833    3.8833    4.2518    4.2518    4.4826
   4.5959    4.5959    4.6652    4.8512    4.9913    4.9913    5.0851    5.0851
   5.3579    5.4069    5.4069    5.4576

 Heat of formation   =        -38.65312752 kcal/mol  (       -1.67612539 eV)

 Total SCF energy    =     -21559.77131669 kcal/mol  (     -934.90183933 eV)
 Electronic energy   =    -100103.49412243 kcal/mol  (    -4340.81323977 eV)
 Core-core repulsion =      78543.72280574 kcal/mol  (     3405.91140045 eV)
 
    Atomic Charges for Step       1 :
  Atom    Element       Mulliken Charge
     1      C                 -0.155
     2      C                 -0.155
     3      C                 -0.155
     4      C                 -0.155
     5      C                 -0.155
     6      C                 -0.155
     7      H                  0.078
     8      H                  0.077
     9      H                  0.078
    10      H                  0.077
    11      H                  0.077
    12      H                  0.078
    13      H                  0.077
    14      H                  0.078
    15      H                  0.078
    16      H                  0.077
    17      H                  0.078
    18      H                  0.077
 Total Mulliken Charge =       0.000
 
                  X        Y        Z     TOTAL  
  QM DIPOLE     0.000    0.000    0.000    0.000
 
 Final Structure

  QMMM: QM Region Cartesian Coordinates (*=link atom) 
  QMMM: QM_NO.   MM_NO.  ATOM         X         Y         Z
  QMMM:     1        1      C       -0.0426   -1.4439   -0.2286
  QMMM:     2        2      C        1.2292   -0.7589    0.2287
  QMMM:     3        3      C       -1.2718   -0.6851    0.2285
  QMMM:     4        4      C        1.2718    0.6851   -0.2285
  QMMM:     5        5      C       -1.2292    0.7589   -0.2287
  QMMM:     6        6      C        0.0426    1.4439    0.2286
  QMMM:     7        7      H       -0.0447   -1.5172   -1.3480
  QMMM:     8        8      H       -0.0735   -2.4883    0.1774
  QMMM:     9        9      H        1.2915   -0.7974    1.3480
  QMMM:    10       10      H        2.1182   -1.3078   -0.1773
  QMMM:    11       11      H       -2.1917   -1.1805   -0.1775
  QMMM:    12       12      H       -1.3364   -0.7198    1.3479
  QMMM:    13       13      H        2.1916    1.1805    0.1776
  QMMM:    14       14      H        1.3365    0.7198   -1.3479
  QMMM:    15       15      H       -1.2915    0.7974   -1.3480
  QMMM:    16       16      H       -2.1182    1.3078    0.1773
  QMMM:    17       17      H        0.0447    1.5172    1.3480
  QMMM:    18       18      H        0.0735    2.4883   -0.1774

           --------- Calculation Completed ----------

